This file contains any messages produced by compilers while
running configure, to aid debugging if configure makes a mistake.

It was created by libnetfilter_queue configure 1.0.2, which was
generated by GNU Autoconf 2.69.  Invocation command line was

  $ ./configure 

## --------- ##
## Platform. ##
## --------- ##

hostname = node0.safetimer-interc.postman-pg0.wisc.cloudlab.us
uname -m = x86_64
uname -r = 4.4.0-75-generic
uname -s = Linux
uname -v = #96-Ubuntu SMP Thu Apr 20 09:56:33 UTC 2017

/usr/bin/uname -p = unknown
/bin/uname -X     = unknown

/bin/arch              = unknown
/usr/bin/arch -k       = unknown
/usr/convex/getsysinfo = unknown
/usr/bin/hostinfo      = unknown
/bin/machine           = unknown
/usr/bin/oslevel       = unknown
/bin/universe          = unknown

PATH: /usr/local/sbin
PATH: /usr/local/bin
PATH: /usr/sbin
PATH: /usr/bin
PATH: /sbin
PATH: /bin
PATH: /usr/games
PATH: /usr/local/games


## ----------- ##
## Core tests. ##
## ----------- ##

configure:2181: checking build system type
configure:2195: result: x86_64-unknown-linux-gnu
configure:2215: checking host system type
configure:2228: result: x86_64-unknown-linux-gnu
configure:2268: checking for a BSD-compatible install
configure:2336: result: /usr/bin/install -c
configure:2347: checking whether build environment is sane
configure:2397: result: yes
configure:2538: checking for a thread-safe mkdir -p
configure:2577: result: /bin/mkdir -p
configure:2590: checking for gawk
configure:2606: found /usr/bin/gawk
configure:2617: result: gawk
configure:2628: checking whether make sets $(MAKE)
configure:2650: result: yes
configure:2725: checking how to create a pax tar archive
configure:2738: tar --version
tar (GNU tar) 1.28
Copyright (C) 2014 Free Software Foundation, Inc.
License GPLv3+: GNU GPL version 3 or later <http://gnu.org/licenses/gpl.html>.
This is free software: you are free to change and redistribute it.
There is NO WARRANTY, to the extent permitted by law.

Written by John Gilmore and Jay Fenlason.
configure:2741: $? = 0
configure:2781: tardir=conftest.dir && eval tar --format=posix -chf - "$tardir" >conftest.tar
configure:2784: $? = 0
configure:2788: tar -xf - <conftest.tar
configure:2791: $? = 0
configure:2804: result: gnutar
configure:2823: checking whether make supports nested variables
configure:2840: result: yes
configure:2900: checking for gcc
configure:2916: found /usr/bin/gcc
configure:2927: result: gcc
configure:3156: checking for C compiler version
configure:3165: gcc --version >&5
gcc (Ubuntu 5.4.0-6ubuntu1~16.04.5) 5.4.0 20160609
Copyright (C) 2015 Free Software Foundation, Inc.
This is free software; see the source for copying conditions.  There is NO
warranty; not even for MERCHANTABILITY or FITNESS FOR A PARTICULAR PURPOSE.

configure:3176: $? = 0
configure:3165: gcc -v >&5
Using built-in specs.
COLLECT_GCC=gcc
COLLECT_LTO_WRAPPER=/usr/lib/gcc/x86_64-linux-gnu/5/lto-wrapper
Target: x86_64-linux-gnu
Configured with: ../src/configure -v --with-pkgversion='Ubuntu 5.4.0-6ubuntu1~16.04.5' --with-bugurl=file:///usr/share/doc/gcc-5/README.Bugs --enable-languages=c,ada,c++,java,go,d,fortran,objc,obj-c++ --prefix=/usr --program-suffix=-5 --enable-shared --enable-linker-build-id --libexecdir=/usr/lib --without-included-gettext --enable-threads=posix --libdir=/usr/lib --enable-nls --with-sysroot=/ --enable-clocale=gnu --enable-libstdcxx-debug --enable-libstdcxx-time=yes --with-default-libstdcxx-abi=new --enable-gnu-unique-object --disable-vtable-verify --enable-libmpx --enable-plugin --with-system-zlib --disable-browser-plugin --enable-java-awt=gtk --enable-gtk-cairo --with-java-home=/usr/lib/jvm/java-1.5.0-gcj-5-amd64/jre --enable-java-home --with-jvm-root-dir=/usr/lib/jvm/java-1.5.0-gcj-5-amd64 --with-jvm-jar-dir=/usr/lib/jvm-exports/java-1.5.0-gcj-5-amd64 --with-arch-directory=amd64 --with-ecj-jar=/usr/share/java/eclipse-ecj.jar --enable-objc-gc --enable-multiarch --disable-werror --with-arch-32=i686 --with-abi=m64 --with-multilib-list=m32,m64,mx32 --enable-multilib --with-tune=generic --enable-checking=release --build=x86_64-linux-gnu --host=x86_64-linux-gnu --target=x86_64-linux-gnu
Thread model: posix
gcc version 5.4.0 20160609 (Ubuntu 5.4.0-6ubuntu1~16.04.5) 
configure:3176: $? = 0
configure:3165: gcc -V >&5
gcc: error: unrecognized command line option '-V'
gcc: fatal error: no input files
compilation terminated.
configure:3176: $? = 1
configure:3165: gcc -qversion >&5
gcc: error: unrecognized command line option '-qversion'
gcc: fatal error: no input files
compilation terminated.
configure:3176: $? = 1
configure:3196: checking whether the C compiler works
configure:3218: gcc    conftest.c  >&5
configure:3222: $? = 0
configure:3270: result: yes
configure:3273: checking for C compiler default output file name
configure:3275: result: a.out
configure:3281: checking for suffix of executables
configure:3288: gcc -o conftest    conftest.c  >&5
configure:3292: $? = 0
configure:3314: result: 
configure:3336: checking whether we are cross compiling
configure:3344: gcc -o conftest    conftest.c  >&5
configure:3348: $? = 0
configure:3355: ./conftest
configure:3359: $? = 0
configure:3374: result: no
configure:3379: checking for suffix of object files
configure:3401: gcc -c   conftest.c >&5
configure:3405: $? = 0
configure:3426: result: o
configure:3430: checking whether we are using the GNU C compiler
configure:3449: gcc -c   conftest.c >&5
configure:3449: $? = 0
configure:3458: result: yes
configure:3467: checking whether gcc accepts -g
configure:3487: gcc -c -g  conftest.c >&5
configure:3487: $? = 0
configure:3528: result: yes
configure:3545: checking for gcc option to accept ISO C89
configure:3608: gcc  -c -g -O2  conftest.c >&5
configure:3608: $? = 0
configure:3621: result: none needed
configure:3652: checking for style of include used by make
configure:3680: result: GNU
configure:3706: checking dependency style of gcc
configure:3817: result: gcc3
configure:3833: checking whether gcc and cc understand -c and -o together
configure:3864: gcc -c conftest.c -o conftest2.o >&5
configure:3868: $? = 0
configure:3874: gcc -c conftest.c -o conftest2.o >&5
configure:3878: $? = 0
configure:3889: cc -c conftest.c >&5
configure:3893: $? = 0
configure:3901: cc -c conftest.c -o conftest2.o >&5
configure:3905: $? = 0
configure:3911: cc -c conftest.c -o conftest2.o >&5
configure:3915: $? = 0
configure:3933: result: yes
configure:4035: checking how to print strings
configure:4062: result: printf
configure:4083: checking for a sed that does not truncate output
configure:4147: result: /bin/sed
configure:4165: checking for grep that handles long lines and -e
configure:4223: result: /bin/grep
configure:4228: checking for egrep
configure:4290: result: /bin/grep -E
configure:4295: checking for fgrep
configure:4357: result: /bin/grep -F
configure:4392: checking for ld used by gcc
configure:4459: result: /usr/bin/ld
configure:4466: checking if the linker (/usr/bin/ld) is GNU ld
configure:4481: result: yes
configure:4493: checking for BSD- or MS-compatible name lister (nm)
configure:4542: result: /usr/bin/nm -B
configure:4672: checking the name lister (/usr/bin/nm -B) interface
configure:4679: gcc -c -g -O2  conftest.c >&5
configure:4682: /usr/bin/nm -B "conftest.o"
configure:4685: output
0000000000000000 B some_variable
configure:4692: result: BSD nm
configure:4695: checking whether ln -s works
configure:4699: result: yes
configure:4707: checking the maximum length of command line arguments
configure:4837: result: 1572864
configure:4854: checking whether the shell understands some XSI constructs
configure:4864: result: yes
configure:4868: checking whether the shell understands "+="
configure:4874: result: yes
configure:4909: checking how to convert x86_64-unknown-linux-gnu file names to x86_64-unknown-linux-gnu format
configure:4949: result: func_convert_file_noop
configure:4956: checking how to convert x86_64-unknown-linux-gnu file names to toolchain format
configure:4976: result: func_convert_file_noop
configure:4983: checking for /usr/bin/ld option to reload object files
configure:4990: result: -r
configure:5064: checking for objdump
configure:5080: found /usr/bin/objdump
configure:5091: result: objdump
configure:5123: checking how to recognize dependent libraries
configure:5321: result: pass_all
configure:5406: checking for dlltool
configure:5436: result: no
configure:5466: checking how to associate runtime and link libraries
configure:5493: result: printf %s\n
configure:5554: checking for ar
configure:5570: found /usr/bin/ar
configure:5581: result: ar
configure:5618: checking for archiver @FILE support
configure:5635: gcc -c -g -O2  conftest.c >&5
configure:5635: $? = 0
configure:5638: ar cru libconftest.a @conftest.lst >&5
ar: `u' modifier ignored since `D' is the default (see `U')
configure:5641: $? = 0
configure:5646: ar cru libconftest.a @conftest.lst >&5
ar: `u' modifier ignored since `D' is the default (see `U')
ar: conftest.o: No such file or directory
configure:5649: $? = 1
configure:5661: result: @
configure:5719: checking for strip
configure:5735: found /usr/bin/strip
configure:5746: result: strip
configure:5818: checking for ranlib
configure:5834: found /usr/bin/ranlib
configure:5845: result: ranlib
configure:5947: checking command to parse /usr/bin/nm -B output from gcc object
configure:6067: gcc -c -g -O2  conftest.c >&5
configure:6070: $? = 0
configure:6074: /usr/bin/nm -B conftest.o \| sed -n -e 's/^.*[ ]\([ABCDGIRSTW][ABCDGIRSTW]*\)[ ][ ]*\([_A-Za-z][_A-Za-z0-9]*\)$/\1 \2 \2/p' | sed '/ __gnu_lto/d' \> conftest.nm
configure:6077: $? = 0
configure:6143: gcc -o conftest -g -O2   conftest.c conftstm.o >&5
configure:6146: $? = 0
configure:6184: result: ok
configure:6221: checking for sysroot
configure:6251: result: no
configure:6328: gcc -c -g -O2  conftest.c >&5
configure:6331: $? = 0
configure:6507: checking for mt
configure:6523: found /bin/mt
configure:6534: result: mt
configure:6557: checking if mt is a manifest tool
configure:6563: mt '-?'
configure:6571: result: no
configure:7213: checking how to run the C preprocessor
configure:7244: gcc -E  conftest.c
configure:7244: $? = 0
configure:7258: gcc -E  conftest.c
conftest.c:11:28: fatal error: ac_nonexistent.h: No such file or directory
compilation terminated.
configure:7258: $? = 1
configure: failed program was:
| /* confdefs.h */
| #define PACKAGE_NAME "libnetfilter_queue"
| #define PACKAGE_TARNAME "libnetfilter_queue"
| #define PACKAGE_VERSION "1.0.2"
| #define PACKAGE_STRING "libnetfilter_queue 1.0.2"
| #define PACKAGE_BUGREPORT ""
| #define PACKAGE_URL ""
| #define PACKAGE "libnetfilter_queue"
| #define VERSION "1.0.2"
| /* end confdefs.h.  */
| #include <ac_nonexistent.h>
configure:7283: result: gcc -E
configure:7303: gcc -E  conftest.c
configure:7303: $? = 0
configure:7317: gcc -E  conftest.c
conftest.c:11:28: fatal error: ac_nonexistent.h: No such file or directory
compilation terminated.
configure:7317: $? = 1
configure: failed program was:
| /* confdefs.h */
| #define PACKAGE_NAME "libnetfilter_queue"
| #define PACKAGE_TARNAME "libnetfilter_queue"
| #define PACKAGE_VERSION "1.0.2"
| #define PACKAGE_STRING "libnetfilter_queue 1.0.2"
| #define PACKAGE_BUGREPORT ""
| #define PACKAGE_URL ""
| #define PACKAGE "libnetfilter_queue"
| #define VERSION "1.0.2"
| /* end confdefs.h.  */
| #include <ac_nonexistent.h>
configure:7346: checking for ANSI C header files
configure:7366: gcc -c -g -O2  conftest.c >&5
configure:7366: $? = 0
configure:7439: gcc -o conftest -g -O2   conftest.c  >&5
configure:7439: $? = 0
configure:7439: ./conftest
configure:7439: $? = 0
configure:7450: result: yes
configure:7463: checking for sys/types.h
configure:7463: gcc -c -g -O2  conftest.c >&5
configure:7463: $? = 0
configure:7463: result: yes
configure:7463: checking for sys/stat.h
configure:7463: gcc -c -g -O2  conftest.c >&5
configure:7463: $? = 0
configure:7463: result: yes
configure:7463: checking for stdlib.h
configure:7463: gcc -c -g -O2  conftest.c >&5
configure:7463: $? = 0
configure:7463: result: yes
configure:7463: checking for string.h
configure:7463: gcc -c -g -O2  conftest.c >&5
configure:7463: $? = 0
configure:7463: result: yes
configure:7463: checking for memory.h
configure:7463: gcc -c -g -O2  conftest.c >&5
configure:7463: $? = 0
configure:7463: result: yes
configure:7463: checking for strings.h
configure:7463: gcc -c -g -O2  conftest.c >&5
configure:7463: $? = 0
configure:7463: result: yes
configure:7463: checking for inttypes.h
configure:7463: gcc -c -g -O2  conftest.c >&5
configure:7463: $? = 0
configure:7463: result: yes
configure:7463: checking for stdint.h
configure:7463: gcc -c -g -O2  conftest.c >&5
configure:7463: $? = 0
configure:7463: result: yes
configure:7463: checking for unistd.h
configure:7463: gcc -c -g -O2  conftest.c >&5
configure:7463: $? = 0
configure:7463: result: yes
configure:7477: checking for dlfcn.h
configure:7477: gcc -c -g -O2  conftest.c >&5
configure:7477: $? = 0
configure:7477: result: yes
configure:7653: checking for objdir
configure:7668: result: .libs
configure:7939: checking if gcc supports -fno-rtti -fno-exceptions
configure:7957: gcc -c -g -O2  -fno-rtti -fno-exceptions conftest.c >&5
cc1: warning: command line option '-fno-rtti' is valid for C++/ObjC++ but not for C
configure:7961: $? = 0
configure:7974: result: no
configure:8301: checking for gcc option to produce PIC
configure:8308: result: -fPIC -DPIC
configure:8316: checking if gcc PIC flag -fPIC -DPIC works
configure:8334: gcc -c -g -O2  -fPIC -DPIC -DPIC conftest.c >&5
configure:8338: $? = 0
configure:8351: result: yes
configure:8380: checking if gcc static flag -static works
configure:8408: result: yes
configure:8423: checking if gcc supports -c -o file.o
configure:8444: gcc -c -g -O2  -o out/conftest2.o conftest.c >&5
configure:8448: $? = 0
configure:8470: result: yes
configure:8478: checking if gcc supports -c -o file.o
configure:8525: result: yes
configure:8558: checking whether the gcc linker (/usr/bin/ld -m elf_x86_64) supports shared libraries
configure:9715: result: yes
configure:9752: checking whether -lc should be explicitly linked in
configure:9760: gcc -c -g -O2  conftest.c >&5
configure:9763: $? = 0
configure:9778: gcc -shared  -fPIC -DPIC conftest.o  -v -Wl,-soname -Wl,conftest -o conftest 2\>\&1 \| /bin/grep  -lc  \>/dev/null 2\>\&1
configure:9781: $? = 0
configure:9795: result: no
configure:9955: checking dynamic linker characteristics
configure:10455: gcc -o conftest -g -O2   -Wl,-rpath -Wl,/foo conftest.c  >&5
configure:10455: $? = 0
configure:10689: result: GNU/Linux ld.so
configure:10796: checking how to hardcode library paths into programs
configure:10821: result: immediate
configure:11361: checking whether stripping libraries is possible
configure:11366: result: yes
configure:11401: checking if libtool supports shared libraries
configure:11403: result: yes
configure:11406: checking whether to build shared libraries
configure:11427: result: yes
configure:11430: checking whether to build static libraries
configure:11434: result: no
configure:11481: checking whether compiler accepts -fvisibility=hidden
configure:11490: gcc -c -g -O2 -fvisibility=hidden  conftest.c >&5
configure:11490: $? = 0
configure:11498: result: yes
configure:11575: checking for pkg-config
configure:11593: found /usr/bin/pkg-config
configure:11605: result: /usr/bin/pkg-config
configure:11630: checking pkg-config is at least version 0.9.0
configure:11633: result: yes
configure:11643: checking for LIBNFNETLINK
configure:11650: $PKG_CONFIG --exists --print-errors "libnfnetlink >= 0.0.41"
configure:11653: $? = 0
configure:11667: $PKG_CONFIG --exists --print-errors "libnfnetlink >= 0.0.41"
configure:11670: $? = 0
configure:11728: result: yes
configure:11734: checking for LIBMNL
configure:11741: $PKG_CONFIG --exists --print-errors "libmnl >= 1.0.3"
configure:11744: $? = 0
configure:11758: $PKG_CONFIG --exists --print-errors "libmnl >= 1.0.3"
configure:11761: $? = 0
configure:11819: result: yes
configure:11956: creating ./config.status

## ---------------------- ##
## Running config.status. ##
## ---------------------- ##

This file was extended by libnetfilter_queue config.status 1.0.2, which was
generated by GNU Autoconf 2.69.  Invocation command line was

  CONFIG_FILES    = 
  CONFIG_HEADERS  = 
  CONFIG_LINKS    = 
  CONFIG_COMMANDS = 
  $ ./config.status 

on node0.safetimer-interc.postman-pg0.wisc.cloudlab.us

config.status:1099: creating Makefile
config.status:1099: creating src/Makefile
config.status:1099: creating utils/Makefile
config.status:1099: creating examples/Makefile
config.status:1099: creating libnetfilter_queue.pc
config.status:1099: creating doxygen.cfg
config.status:1099: creating include/Makefile
config.status:1099: creating include/libnetfilter_queue/Makefile
config.status:1099: creating include/linux/Makefile
config.status:1099: creating include/linux/netfilter/Makefile
config.status:1099: creating config.h
config.status:1280: config.h is unchanged
config.status:1328: executing depfiles commands
config.status:1328: executing libtool commands

## ---------------- ##
## Cache variables. ##
## ---------------- ##

ac_cv_build=x86_64-unknown-linux-gnu
ac_cv_c_compiler_gnu=yes
ac_cv_env_CC_set=
ac_cv_env_CC_value=
ac_cv_env_CFLAGS_set=
ac_cv_env_CFLAGS_value=
ac_cv_env_CPPFLAGS_set=
ac_cv_env_CPPFLAGS_value=
ac_cv_env_CPP_set=
ac_cv_env_CPP_value=
ac_cv_env_LDFLAGS_set=
ac_cv_env_LDFLAGS_value=
ac_cv_env_LIBMNL_CFLAGS_set=
ac_cv_env_LIBMNL_CFLAGS_value=
ac_cv_env_LIBMNL_LIBS_set=
ac_cv_env_LIBMNL_LIBS_value=
ac_cv_env_LIBNFNETLINK_CFLAGS_set=
ac_cv_env_LIBNFNETLINK_CFLAGS_value=
ac_cv_env_LIBNFNETLINK_LIBS_set=
ac_cv_env_LIBNFNETLINK_LIBS_value=
ac_cv_env_LIBS_set=
ac_cv_env_LIBS_value=
ac_cv_env_PKG_CONFIG_LIBDIR_set=
ac_cv_env_PKG_CONFIG_LIBDIR_value=
ac_cv_env_PKG_CONFIG_PATH_set=
ac_cv_env_PKG_CONFIG_PATH_value=
ac_cv_env_PKG_CONFIG_set=
ac_cv_env_PKG_CONFIG_value=
ac_cv_env_build_alias_set=
ac_cv_env_build_alias_value=
ac_cv_env_host_alias_set=
ac_cv_env_host_alias_value=
ac_cv_env_target_alias_set=
ac_cv_env_target_alias_value=
ac_cv_fvisibility_hidden=yes
ac_cv_header_dlfcn_h=yes
ac_cv_header_inttypes_h=yes
ac_cv_header_memory_h=yes
ac_cv_header_stdc=yes
ac_cv_header_stdint_h=yes
ac_cv_header_stdlib_h=yes
ac_cv_header_string_h=yes
ac_cv_header_strings_h=yes
ac_cv_header_sys_stat_h=yes
ac_cv_header_sys_types_h=yes
ac_cv_header_unistd_h=yes
ac_cv_host=x86_64-unknown-linux-gnu
ac_cv_objext=o
ac_cv_path_EGREP='/bin/grep -E'
ac_cv_path_FGREP='/bin/grep -F'
ac_cv_path_GREP=/bin/grep
ac_cv_path_SED=/bin/sed
ac_cv_path_ac_pt_PKG_CONFIG=/usr/bin/pkg-config
ac_cv_path_install='/usr/bin/install -c'
ac_cv_path_mkdir=/bin/mkdir
ac_cv_prog_AWK=gawk
ac_cv_prog_CPP='gcc -E'
ac_cv_prog_ac_ct_AR=ar
ac_cv_prog_ac_ct_CC=gcc
ac_cv_prog_ac_ct_MANIFEST_TOOL=mt
ac_cv_prog_ac_ct_OBJDUMP=objdump
ac_cv_prog_ac_ct_RANLIB=ranlib
ac_cv_prog_ac_ct_STRIP=strip
ac_cv_prog_cc_c89=
ac_cv_prog_cc_g=yes
ac_cv_prog_cc_gcc_c_o=yes
ac_cv_prog_make_make_set=yes
am_cv_CC_dependencies_compiler_type=gcc3
am_cv_make_support_nested_variables=yes
am_cv_prog_tar_pax=gnutar
lt_cv_ar_at_file=@
lt_cv_archive_cmds_need_lc=no
lt_cv_deplibs_check_method=pass_all
lt_cv_file_magic_cmd='$MAGIC_CMD'
lt_cv_file_magic_test_file=
lt_cv_ld_reload_flag=-r
lt_cv_nm_interface='BSD nm'
lt_cv_objdir=.libs
lt_cv_path_LD=/usr/bin/ld
lt_cv_path_NM='/usr/bin/nm -B'
lt_cv_path_mainfest_tool=no
lt_cv_prog_compiler_c_o=yes
lt_cv_prog_compiler_pic='-fPIC -DPIC'
lt_cv_prog_compiler_pic_works=yes
lt_cv_prog_compiler_rtti_exceptions=no
lt_cv_prog_compiler_static_works=yes
lt_cv_prog_gnu_ld=yes
lt_cv_sharedlib_from_linklib_cmd='printf %s\n'
lt_cv_shlibpath_overrides_runpath=no
lt_cv_sys_global_symbol_pipe='sed -n -e '\''s/^.*[	 ]\([ABCDGIRSTW][ABCDGIRSTW]*\)[	 ][	 ]*\([_A-Za-z][_A-Za-z0-9]*\)$/\1 \2 \2/p'\'' | sed '\''/ __gnu_lto/d'\'''
lt_cv_sys_global_symbol_to_c_name_address='sed -n -e '\''s/^: \([^ ]*\)[ ]*$/  {\"\1\", (void *) 0},/p'\'' -e '\''s/^[ABCDGIRSTW]* \([^ ]*\) \([^ ]*\)$/  {"\2", (void *) \&\2},/p'\'''
lt_cv_sys_global_symbol_to_c_name_address_lib_prefix='sed -n -e '\''s/^: \([^ ]*\)[ ]*$/  {\"\1\", (void *) 0},/p'\'' -e '\''s/^[ABCDGIRSTW]* \([^ ]*\) \(lib[^ ]*\)$/  {"\2", (void *) \&\2},/p'\'' -e '\''s/^[ABCDGIRSTW]* \([^ ]*\) \([^ ]*\)$/  {"lib\2", (void *) \&\2},/p'\'''
lt_cv_sys_global_symbol_to_cdecl='sed -n -e '\''s/^T .* \(.*\)$/extern int \1();/p'\'' -e '\''s/^[ABCDGIRSTW]* .* \(.*\)$/extern char \1;/p'\'''
lt_cv_sys_max_cmd_len=1572864
lt_cv_to_host_file_cmd=func_convert_file_noop
lt_cv_to_tool_file_cmd=func_convert_file_noop
pkg_cv_LIBMNL_CFLAGS=
pkg_cv_LIBMNL_LIBS=-lmnl
pkg_cv_LIBNFNETLINK_CFLAGS=-I/usr/local/include
pkg_cv_LIBNFNETLINK_LIBS='-L/usr/local/lib -lnfnetlink'

## ----------------- ##
## Output variables. ##
## ----------------- ##

ACLOCAL='${SHELL} /root/hb-latency/nf_queue/libnetfilter_queue-1.0.2/build-aux/missing --run aclocal-1.11'
AMDEPBACKSLASH='\'
AMDEP_FALSE='#'
AMDEP_TRUE=''
AMTAR='$${TAR-tar}'
AM_BACKSLASH='\'
AM_DEFAULT_V='$(AM_DEFAULT_VERBOSITY)'
AM_DEFAULT_VERBOSITY='0'
AM_V='$(V)'
AR='ar'
AUTOCONF='${SHELL} /root/hb-latency/nf_queue/libnetfilter_queue-1.0.2/build-aux/missing --run autoconf'
AUTOHEADER='${SHELL} /root/hb-latency/nf_queue/libnetfilter_queue-1.0.2/build-aux/missing --run autoheader'
AUTOMAKE='${SHELL} /root/hb-latency/nf_queue/libnetfilter_queue-1.0.2/build-aux/missing --run automake-1.11'
AWK='gawk'
CC='gcc'
CCDEPMODE='depmode=gcc3'
CFLAGS='-g -O2'
CPP='gcc -E'
CPPFLAGS=''
CYGPATH_W='echo'
DEFS='-DHAVE_CONFIG_H'
DEPDIR='.deps'
DLLTOOL='false'
DSYMUTIL=''
DUMPBIN=''
ECHO_C=''
ECHO_N='-n'
ECHO_T=''
EGREP='/bin/grep -E'
EXEEXT=''
FGREP='/bin/grep -F'
GCC_FVISIBILITY_HIDDEN='-fvisibility=hidden'
GREP='/bin/grep'
INSTALL_DATA='${INSTALL} -m 644'
INSTALL_PROGRAM='${INSTALL}'
INSTALL_SCRIPT='${INSTALL}'
INSTALL_STRIP_PROGRAM='$(install_sh) -c -s'
LD='/usr/bin/ld -m elf_x86_64'
LDFLAGS=''
LIBMNL_CFLAGS=''
LIBMNL_LIBS='-lmnl'
LIBNFNETLINK_CFLAGS='-I/usr/local/include'
LIBNFNETLINK_LIBS='-L/usr/local/lib -lnfnetlink'
LIBOBJS=''
LIBS=''
LIBTOOL='$(SHELL) $(top_builddir)/libtool'
LIPO=''
LN_S='ln -s'
LTLIBOBJS=''
MAKEINFO='${SHELL} /root/hb-latency/nf_queue/libnetfilter_queue-1.0.2/build-aux/missing --run makeinfo'
MANIFEST_TOOL=':'
MKDIR_P='/bin/mkdir -p'
NM='/usr/bin/nm -B'
NMEDIT=''
OBJDUMP='objdump'
OBJEXT='o'
OTOOL64=''
OTOOL=''
PACKAGE='libnetfilter_queue'
PACKAGE_BUGREPORT=''
PACKAGE_NAME='libnetfilter_queue'
PACKAGE_STRING='libnetfilter_queue 1.0.2'
PACKAGE_TARNAME='libnetfilter_queue'
PACKAGE_URL=''
PACKAGE_VERSION='1.0.2'
PATH_SEPARATOR=':'
PKG_CONFIG='/usr/bin/pkg-config'
PKG_CONFIG_LIBDIR=''
PKG_CONFIG_PATH=''
RANLIB='ranlib'
SED='/bin/sed'
SET_MAKE=''
SHELL='/bin/bash'
STRIP='strip'
VERSION='1.0.2'
ac_ct_AR='ar'
ac_ct_CC='gcc'
ac_ct_DUMPBIN=''
am__EXEEXT_FALSE=''
am__EXEEXT_TRUE='#'
am__fastdepCC_FALSE='#'
am__fastdepCC_TRUE=''
am__include='include'
am__isrc=''
am__leading_dot='.'
am__nodep='_no'
am__quote=''
am__tar='tar --format=posix -chf - "$$tardir"'
am__untar='tar -xf -'
bindir='${exec_prefix}/bin'
build='x86_64-unknown-linux-gnu'
build_alias=''
build_cpu='x86_64'
build_os='linux-gnu'
build_vendor='unknown'
datadir='${datarootdir}'
datarootdir='${prefix}/share'
docdir='${datarootdir}/doc/${PACKAGE_TARNAME}'
dvidir='${docdir}'
exec_prefix='${prefix}'
host='x86_64-unknown-linux-gnu'
host_alias=''
host_cpu='x86_64'
host_os='linux-gnu'
host_vendor='unknown'
htmldir='${docdir}'
includedir='${prefix}/include'
infodir='${datarootdir}/info'
install_sh='${SHELL} /root/hb-latency/nf_queue/libnetfilter_queue-1.0.2/build-aux/install-sh'
libdir='${exec_prefix}/lib'
libexecdir='${exec_prefix}/libexec'
localedir='${datarootdir}/locale'
localstatedir='${prefix}/var'
mandir='${datarootdir}/man'
mkdir_p='/bin/mkdir -p'
oldincludedir='/usr/include'
pdfdir='${docdir}'
prefix='/usr/local'
program_transform_name='s,x,x,'
psdir='${docdir}'
runstatedir='${localstatedir}/run'
sbindir='${exec_prefix}/sbin'
sharedstatedir='${prefix}/com'
sysconfdir='${prefix}/etc'
target_alias=''

## ----------- ##
## confdefs.h. ##
## ----------- ##

/* confdefs.h */
#define PACKAGE_NAME "libnetfilter_queue"
#define PACKAGE_TARNAME "libnetfilter_queue"
#define PACKAGE_VERSION "1.0.2"
#define PACKAGE_STRING "libnetfilter_queue 1.0.2"
#define PACKAGE_BUGREPORT ""
#define PACKAGE_URL ""
#define PACKAGE "libnetfilter_queue"
#define VERSION "1.0.2"
#define STDC_HEADERS 1
#define HAVE_SYS_TYPES_H 1
#define HAVE_SYS_STAT_H 1
#define HAVE_STDLIB_H 1
#define HAVE_STRING_H 1
#define HAVE_MEMORY_H 1
#define HAVE_STRINGS_H 1
#define HAVE_INTTYPES_H 1
#define HAVE_STDINT_H 1
#define HAVE_UNISTD_H 1
#define HAVE_DLFCN_H 1
#define LT_OBJDIR ".libs/"
#define HAVE_VISIBILITY_HIDDEN 1

configure: exit 0

## ---------------------- ##
## Running config.status. ##
## ---------------------- ##

This file was extended by libnetfilter_queue config.status 1.0.2, which was
generated by GNU Autoconf 2.69.  Invocation command line was

  CONFIG_FILES    = 
  CONFIG_HEADERS  = 
  CONFIG_LINKS    = 
  CONFIG_COMMANDS = 
  $ ./config.status config.h

on node0.safetimer-interc.postman-pg0.wisc.cloudlab.us

config.status:1099: creating config.h
config.status:1280: config.h is unchanged
